<?xml version="1.0" encoding="UTF-8"?>
<testsuite xmlns:xsi="http://www.w3.org/2001/XMLSchema-instance" xsi:noNamespaceSchemaLocation="https://maven.apache.org/surefire/maven-surefire-plugin/xsd/surefire-test-report-3.0.xsd" version="3.0" name="com.udacity.catpoint.security.SecurityServiceTest" time="1.337" tests="14" errors="0" skipped="0" failures="0">
  <properties>
    <property name="java.specification.version" value="15"/>
    <property name="sun.jnu.encoding" value="UTF-8"/>
    <property name="java.class.path" value="/Users/victoria/Downloads/cd0384-java-application-deployment-projectstarter-master/starter/catpoint-parent/security/target/test-classes:/Users/victoria/.m2/repository/software/amazon/awssdk/aws-json-protocol/2.17.197/aws-json-protocol-2.17.197.jar:/Users/victoria/.m2/repository/software/amazon/awssdk/third-party-jackson-core/2.17.197/third-party-jackson-core-2.17.197.jar:/Users/victoria/.m2/repository/software/amazon/awssdk/json-utils/2.17.197/json-utils-2.17.197.jar:/Users/victoria/.m2/repository/software/amazon/awssdk/protocol-core/2.17.197/protocol-core-2.17.197.jar:/Users/victoria/.m2/repository/software/amazon/awssdk/profiles/2.17.197/profiles-2.17.197.jar:/Users/victoria/.m2/repository/org/reactivestreams/reactive-streams/1.0.3/reactive-streams-1.0.3.jar:/Users/victoria/.m2/repository/software/amazon/eventstream/eventstream/1.0.1/eventstream-1.0.1.jar:/Users/victoria/.m2/repository/software/amazon/awssdk/http-client-spi/2.17.197/http-client-spi-2.17.197.jar:/Users/victoria/.m2/repository/software/amazon/awssdk/annotations/2.17.197/annotations-2.17.197.jar:/Users/victoria/.m2/repository/software/amazon/awssdk/utils/2.17.197/utils-2.17.197.jar:/Users/victoria/.m2/repository/software/amazon/awssdk/aws-core/2.17.197/aws-core-2.17.197.jar:/Users/victoria/.m2/repository/software/amazon/awssdk/metrics-spi/2.17.197/metrics-spi-2.17.197.jar:/Users/victoria/.m2/repository/software/amazon/awssdk/apache-client/2.17.197/apache-client-2.17.197.jar:/Users/victoria/.m2/repository/org/apache/httpcomponents/httpclient/4.5.13/httpclient-4.5.13.jar:/Users/victoria/.m2/repository/commons-logging/commons-logging/1.2/commons-logging-1.2.jar:/Users/victoria/.m2/repository/commons-codec/commons-codec/1.11/commons-codec-1.11.jar:/Users/victoria/.m2/repository/org/apache/httpcomponents/httpcore/4.4.13/httpcore-4.4.13.jar:/Users/victoria/.m2/repository/software/amazon/awssdk/netty-nio-client/2.17.197/netty-nio-client-2.17.197.jar:/Users/victoria/.m2/repository/io/netty/netty-codec-http/4.1.77.Final/netty-codec-http-4.1.77.Final.jar:/Users/victoria/.m2/repository/io/netty/netty-codec-http2/4.1.77.Final/netty-codec-http2-4.1.77.Final.jar:/Users/victoria/.m2/repository/io/netty/netty-codec/4.1.77.Final/netty-codec-4.1.77.Final.jar:/Users/victoria/.m2/repository/io/netty/netty-transport/4.1.77.Final/netty-transport-4.1.77.Final.jar:/Users/victoria/.m2/repository/io/netty/netty-resolver/4.1.77.Final/netty-resolver-4.1.77.Final.jar:/Users/victoria/.m2/repository/io/netty/netty-common/4.1.77.Final/netty-common-4.1.77.Final.jar:/Users/victoria/.m2/repository/io/netty/netty-buffer/4.1.77.Final/netty-buffer-4.1.77.Final.jar:/Users/victoria/.m2/repository/io/netty/netty-handler/4.1.77.Final/netty-handler-4.1.77.Final.jar:/Users/victoria/.m2/repository/io/netty/netty-transport-classes-epoll/4.1.77.Final/netty-transport-classes-epoll-4.1.77.Final.jar:/Users/victoria/.m2/repository/io/netty/netty-transport-native-unix-common/4.1.77.Final/netty-transport-native-unix-common-4.1.77.Final.jar:/Users/victoria/.m2/repository/com/typesafe/netty/netty-reactive-streams-http/2.0.5/netty-reactive-streams-http-2.0.5.jar:/Users/victoria/.m2/repository/com/typesafe/netty/netty-reactive-streams/2.0.5/netty-reactive-streams-2.0.5.jar:/Users/victoria/.m2/repository/com/google/guava/failureaccess/1.0.1/failureaccess-1.0.1.jar:/Users/victoria/.m2/repository/com/google/guava/listenablefuture/9999.0-empty-to-avoid-conflict-with-guava/listenablefuture-9999.0-empty-to-avoid-conflict-with-guava.jar:/Users/victoria/.m2/repository/com/google/code/findbugs/jsr305/3.0.2/jsr305-3.0.2.jar:/Users/victoria/.m2/repository/org/checkerframework/checker-qual/3.12.0/checker-qual-3.12.0.jar:/Users/victoria/.m2/repository/com/google/errorprone/error_prone_annotations/2.11.0/error_prone_annotations-2.11.0.jar:/Users/victoria/.m2/repository/com/google/j2objc/j2objc-annotations/1.3/j2objc-annotations-1.3.jar:/Users/victoria/.m2/repository/org/junit/jupiter/junit-jupiter-api/5.9.0/junit-jupiter-api-5.9.0.jar:/Users/victoria/.m2/repository/org/opentest4j/opentest4j/1.2.0/opentest4j-1.2.0.jar:/Users/victoria/.m2/repository/org/junit/platform/junit-platform-commons/1.9.0/junit-platform-commons-1.9.0.jar:/Users/victoria/.m2/repository/org/apiguardian/apiguardian-api/1.1.2/apiguardian-api-1.1.2.jar:/Users/victoria/.m2/repository/org/junit/jupiter/junit-jupiter-params/5.8.2/junit-jupiter-params-5.8.2.jar:/Users/victoria/.m2/repository/org/mockito/mockito-junit-jupiter/4.6.1/mockito-junit-jupiter-4.6.1.jar:/Users/victoria/.m2/repository/org/mockito/mockito-core/4.6.1/mockito-core-4.6.1.jar:/Users/victoria/.m2/repository/net/bytebuddy/byte-buddy/1.12.10/byte-buddy-1.12.10.jar:/Users/victoria/.m2/repository/net/bytebuddy/byte-buddy-agent/1.12.10/byte-buddy-agent-1.12.10.jar:/Users/victoria/.m2/repository/org/objenesis/objenesis/3.2/objenesis-3.2.jar:/Users/victoria/.m2/repository/org/mockito/mockito-inline/3.11.2/mockito-inline-3.11.2.jar:"/>
    <property name="java.vm.vendor" value="Oracle Corporation"/>
    <property name="sun.arch.data.model" value="64"/>
    <property name="sun.font.fontmanager" value="sun.font.CFontManager"/>
    <property name="java.vendor.url" value="https://java.oracle.com/"/>
    <property name="user.timezone" value="Europe/Vienna"/>
    <property name="os.name" value="Mac OS X"/>
    <property name="java.vm.specification.version" value="15"/>
    <property name="sun.java.launcher" value="SUN_STANDARD"/>
    <property name="user.country" value="AT"/>
    <property name="sun.boot.library.path" value="/Library/Java/JavaVirtualMachines/jdk-15.0.2.jdk/Contents/Home/lib"/>
    <property name="sun.java.command" value="org.apache.maven.surefire.booter.ForkedBooter /Users/victoria/Downloads/cd0384-java-application-deployment-projectstarter-master/starter/catpoint-parent/security/target/surefire 2022-11-14T00-36-25_638-jvmRun1 surefire7589732628598962340tmp surefire_03539669126863452063tmp"/>
    <property name="http.nonProxyHosts" value="local|*.local|169.254/16|*.169.254/16"/>
    <property name="jdk.debug" value="release"/>
    <property name="surefire.test.class.path" value="/Users/victoria/Downloads/cd0384-java-application-deployment-projectstarter-master/starter/catpoint-parent/security/target/test-classes:/Users/victoria/.m2/repository/software/amazon/awssdk/aws-json-protocol/2.17.197/aws-json-protocol-2.17.197.jar:/Users/victoria/.m2/repository/software/amazon/awssdk/third-party-jackson-core/2.17.197/third-party-jackson-core-2.17.197.jar:/Users/victoria/.m2/repository/software/amazon/awssdk/json-utils/2.17.197/json-utils-2.17.197.jar:/Users/victoria/.m2/repository/software/amazon/awssdk/protocol-core/2.17.197/protocol-core-2.17.197.jar:/Users/victoria/.m2/repository/software/amazon/awssdk/profiles/2.17.197/profiles-2.17.197.jar:/Users/victoria/.m2/repository/org/reactivestreams/reactive-streams/1.0.3/reactive-streams-1.0.3.jar:/Users/victoria/.m2/repository/software/amazon/eventstream/eventstream/1.0.1/eventstream-1.0.1.jar:/Users/victoria/.m2/repository/software/amazon/awssdk/http-client-spi/2.17.197/http-client-spi-2.17.197.jar:/Users/victoria/.m2/repository/software/amazon/awssdk/annotations/2.17.197/annotations-2.17.197.jar:/Users/victoria/.m2/repository/software/amazon/awssdk/utils/2.17.197/utils-2.17.197.jar:/Users/victoria/.m2/repository/software/amazon/awssdk/aws-core/2.17.197/aws-core-2.17.197.jar:/Users/victoria/.m2/repository/software/amazon/awssdk/metrics-spi/2.17.197/metrics-spi-2.17.197.jar:/Users/victoria/.m2/repository/software/amazon/awssdk/apache-client/2.17.197/apache-client-2.17.197.jar:/Users/victoria/.m2/repository/org/apache/httpcomponents/httpclient/4.5.13/httpclient-4.5.13.jar:/Users/victoria/.m2/repository/commons-logging/commons-logging/1.2/commons-logging-1.2.jar:/Users/victoria/.m2/repository/commons-codec/commons-codec/1.11/commons-codec-1.11.jar:/Users/victoria/.m2/repository/org/apache/httpcomponents/httpcore/4.4.13/httpcore-4.4.13.jar:/Users/victoria/.m2/repository/software/amazon/awssdk/netty-nio-client/2.17.197/netty-nio-client-2.17.197.jar:/Users/victoria/.m2/repository/io/netty/netty-codec-http/4.1.77.Final/netty-codec-http-4.1.77.Final.jar:/Users/victoria/.m2/repository/io/netty/netty-codec-http2/4.1.77.Final/netty-codec-http2-4.1.77.Final.jar:/Users/victoria/.m2/repository/io/netty/netty-codec/4.1.77.Final/netty-codec-4.1.77.Final.jar:/Users/victoria/.m2/repository/io/netty/netty-transport/4.1.77.Final/netty-transport-4.1.77.Final.jar:/Users/victoria/.m2/repository/io/netty/netty-resolver/4.1.77.Final/netty-resolver-4.1.77.Final.jar:/Users/victoria/.m2/repository/io/netty/netty-common/4.1.77.Final/netty-common-4.1.77.Final.jar:/Users/victoria/.m2/repository/io/netty/netty-buffer/4.1.77.Final/netty-buffer-4.1.77.Final.jar:/Users/victoria/.m2/repository/io/netty/netty-handler/4.1.77.Final/netty-handler-4.1.77.Final.jar:/Users/victoria/.m2/repository/io/netty/netty-transport-classes-epoll/4.1.77.Final/netty-transport-classes-epoll-4.1.77.Final.jar:/Users/victoria/.m2/repository/io/netty/netty-transport-native-unix-common/4.1.77.Final/netty-transport-native-unix-common-4.1.77.Final.jar:/Users/victoria/.m2/repository/com/typesafe/netty/netty-reactive-streams-http/2.0.5/netty-reactive-streams-http-2.0.5.jar:/Users/victoria/.m2/repository/com/typesafe/netty/netty-reactive-streams/2.0.5/netty-reactive-streams-2.0.5.jar:/Users/victoria/.m2/repository/com/google/guava/failureaccess/1.0.1/failureaccess-1.0.1.jar:/Users/victoria/.m2/repository/com/google/guava/listenablefuture/9999.0-empty-to-avoid-conflict-with-guava/listenablefuture-9999.0-empty-to-avoid-conflict-with-guava.jar:/Users/victoria/.m2/repository/com/google/code/findbugs/jsr305/3.0.2/jsr305-3.0.2.jar:/Users/victoria/.m2/repository/org/checkerframework/checker-qual/3.12.0/checker-qual-3.12.0.jar:/Users/victoria/.m2/repository/com/google/errorprone/error_prone_annotations/2.11.0/error_prone_annotations-2.11.0.jar:/Users/victoria/.m2/repository/com/google/j2objc/j2objc-annotations/1.3/j2objc-annotations-1.3.jar:/Users/victoria/.m2/repository/org/junit/jupiter/junit-jupiter-api/5.9.0/junit-jupiter-api-5.9.0.jar:/Users/victoria/.m2/repository/org/opentest4j/opentest4j/1.2.0/opentest4j-1.2.0.jar:/Users/victoria/.m2/repository/org/junit/platform/junit-platform-commons/1.9.0/junit-platform-commons-1.9.0.jar:/Users/victoria/.m2/repository/org/apiguardian/apiguardian-api/1.1.2/apiguardian-api-1.1.2.jar:/Users/victoria/.m2/repository/org/junit/jupiter/junit-jupiter-params/5.8.2/junit-jupiter-params-5.8.2.jar:/Users/victoria/.m2/repository/org/mockito/mockito-junit-jupiter/4.6.1/mockito-junit-jupiter-4.6.1.jar:/Users/victoria/.m2/repository/org/mockito/mockito-core/4.6.1/mockito-core-4.6.1.jar:/Users/victoria/.m2/repository/net/bytebuddy/byte-buddy/1.12.10/byte-buddy-1.12.10.jar:/Users/victoria/.m2/repository/net/bytebuddy/byte-buddy-agent/1.12.10/byte-buddy-agent-1.12.10.jar:/Users/victoria/.m2/repository/org/objenesis/objenesis/3.2/objenesis-3.2.jar:/Users/victoria/.m2/repository/org/mockito/mockito-inline/3.11.2/mockito-inline-3.11.2.jar:"/>
    <property name="sun.cpu.endian" value="little"/>
    <property name="user.home" value="/Users/victoria"/>
    <property name="user.language" value="zh"/>
    <property name="java.specification.vendor" value="Oracle Corporation"/>
    <property name="jdk.module.path" value="/Users/victoria/Downloads/cd0384-java-application-deployment-projectstarter-master/starter/catpoint-parent/security/target/classes:/Users/victoria/Downloads/cd0384-java-application-deployment-projectstarter-master/starter/catpoint-parent/image/target/classes:/Users/victoria/.m2/repository/software/amazon/awssdk/rekognition/2.17.197/rekognition-2.17.197.jar:/Users/victoria/.m2/repository/software/amazon/awssdk/sdk-core/2.17.197/sdk-core-2.17.197.jar:/Users/victoria/.m2/repository/org/slf4j/slf4j-api/1.7.30/slf4j-api-1.7.30.jar:/Users/victoria/.m2/repository/software/amazon/awssdk/auth/2.17.197/auth-2.17.197.jar:/Users/victoria/.m2/repository/software/amazon/awssdk/regions/2.17.197/regions-2.17.197.jar:/Users/victoria/.m2/repository/com/google/guava/guava/31.1-jre/guava-31.1-jre.jar:/Users/victoria/.m2/repository/com/google/code/gson/gson/2.9.0/gson-2.9.0.jar:/Users/victoria/.m2/repository/com/miglayout/miglayout/3.7.4/miglayout-3.7.4.jar"/>
    <property name="java.version.date" value="2021-01-19"/>
    <property name="java.home" value="/Library/Java/JavaVirtualMachines/jdk-15.0.2.jdk/Contents/Home"/>
    <property name="file.separator" value="/"/>
    <property name="basedir" value="/Users/victoria/Downloads/cd0384-java-application-deployment-projectstarter-master/starter/catpoint-parent/security"/>
    <property name="java.vm.compressedOopsMode" value="Zero based"/>
    <property name="line.separator" value="&#10;"/>
    <property name="java.vm.specification.vendor" value="Oracle Corporation"/>
    <property name="java.specification.name" value="Java Platform API Specification"/>
    <property name="surefire.real.class.path" value="/Users/victoria/.m2/repository/org/apache/maven/surefire/surefire-booter/3.0.0-M5/surefire-booter-3.0.0-M5.jar:/Users/victoria/.m2/repository/org/apache/maven/surefire/surefire-api/3.0.0-M5/surefire-api-3.0.0-M5.jar:/Users/victoria/.m2/repository/org/apache/maven/surefire/surefire-logger-api/3.0.0-M5/surefire-logger-api-3.0.0-M5.jar:/Users/victoria/.m2/repository/org/apache/maven/surefire/surefire-shared-utils/3.0.0-M4/surefire-shared-utils-3.0.0-M4.jar:/Users/victoria/.m2/repository/org/apache/maven/surefire/surefire-extensions-spi/3.0.0-M5/surefire-extensions-spi-3.0.0-M5.jar:/Users/victoria/Downloads/cd0384-java-application-deployment-projectstarter-master/starter/catpoint-parent/security/target/test-classes:/Users/victoria/.m2/repository/software/amazon/awssdk/aws-json-protocol/2.17.197/aws-json-protocol-2.17.197.jar:/Users/victoria/.m2/repository/software/amazon/awssdk/third-party-jackson-core/2.17.197/third-party-jackson-core-2.17.197.jar:/Users/victoria/.m2/repository/software/amazon/awssdk/json-utils/2.17.197/json-utils-2.17.197.jar:/Users/victoria/.m2/repository/software/amazon/awssdk/protocol-core/2.17.197/protocol-core-2.17.197.jar:/Users/victoria/.m2/repository/software/amazon/awssdk/profiles/2.17.197/profiles-2.17.197.jar:/Users/victoria/.m2/repository/org/reactivestreams/reactive-streams/1.0.3/reactive-streams-1.0.3.jar:/Users/victoria/.m2/repository/software/amazon/eventstream/eventstream/1.0.1/eventstream-1.0.1.jar:/Users/victoria/.m2/repository/software/amazon/awssdk/http-client-spi/2.17.197/http-client-spi-2.17.197.jar:/Users/victoria/.m2/repository/software/amazon/awssdk/annotations/2.17.197/annotations-2.17.197.jar:/Users/victoria/.m2/repository/software/amazon/awssdk/utils/2.17.197/utils-2.17.197.jar:/Users/victoria/.m2/repository/software/amazon/awssdk/aws-core/2.17.197/aws-core-2.17.197.jar:/Users/victoria/.m2/repository/software/amazon/awssdk/metrics-spi/2.17.197/metrics-spi-2.17.197.jar:/Users/victoria/.m2/repository/software/amazon/awssdk/apache-client/2.17.197/apache-client-2.17.197.jar:/Users/victoria/.m2/repository/org/apache/httpcomponents/httpclient/4.5.13/httpclient-4.5.13.jar:/Users/victoria/.m2/repository/commons-logging/commons-logging/1.2/commons-logging-1.2.jar:/Users/victoria/.m2/repository/commons-codec/commons-codec/1.11/commons-codec-1.11.jar:/Users/victoria/.m2/repository/org/apache/httpcomponents/httpcore/4.4.13/httpcore-4.4.13.jar:/Users/victoria/.m2/repository/software/amazon/awssdk/netty-nio-client/2.17.197/netty-nio-client-2.17.197.jar:/Users/victoria/.m2/repository/io/netty/netty-codec-http/4.1.77.Final/netty-codec-http-4.1.77.Final.jar:/Users/victoria/.m2/repository/io/netty/netty-codec-http2/4.1.77.Final/netty-codec-http2-4.1.77.Final.jar:/Users/victoria/.m2/repository/io/netty/netty-codec/4.1.77.Final/netty-codec-4.1.77.Final.jar:/Users/victoria/.m2/repository/io/netty/netty-transport/4.1.77.Final/netty-transport-4.1.77.Final.jar:/Users/victoria/.m2/repository/io/netty/netty-resolver/4.1.77.Final/netty-resolver-4.1.77.Final.jar:/Users/victoria/.m2/repository/io/netty/netty-common/4.1.77.Final/netty-common-4.1.77.Final.jar:/Users/victoria/.m2/repository/io/netty/netty-buffer/4.1.77.Final/netty-buffer-4.1.77.Final.jar:/Users/victoria/.m2/repository/io/netty/netty-handler/4.1.77.Final/netty-handler-4.1.77.Final.jar:/Users/victoria/.m2/repository/io/netty/netty-transport-classes-epoll/4.1.77.Final/netty-transport-classes-epoll-4.1.77.Final.jar:/Users/victoria/.m2/repository/io/netty/netty-transport-native-unix-common/4.1.77.Final/netty-transport-native-unix-common-4.1.77.Final.jar:/Users/victoria/.m2/repository/com/typesafe/netty/netty-reactive-streams-http/2.0.5/netty-reactive-streams-http-2.0.5.jar:/Users/victoria/.m2/repository/com/typesafe/netty/netty-reactive-streams/2.0.5/netty-reactive-streams-2.0.5.jar:/Users/victoria/.m2/repository/com/google/guava/failureaccess/1.0.1/failureaccess-1.0.1.jar:/Users/victoria/.m2/repository/com/google/guava/listenablefuture/9999.0-empty-to-avoid-conflict-with-guava/listenablefuture-9999.0-empty-to-avoid-conflict-with-guava.jar:/Users/victoria/.m2/repository/com/google/code/findbugs/jsr305/3.0.2/jsr305-3.0.2.jar:/Users/victoria/.m2/repository/org/checkerframework/checker-qual/3.12.0/checker-qual-3.12.0.jar:/Users/victoria/.m2/repository/com/google/errorprone/error_prone_annotations/2.11.0/error_prone_annotations-2.11.0.jar:/Users/victoria/.m2/repository/com/google/j2objc/j2objc-annotations/1.3/j2objc-annotations-1.3.jar:/Users/victoria/.m2/repository/org/junit/jupiter/junit-jupiter-api/5.9.0/junit-jupiter-api-5.9.0.jar:/Users/victoria/.m2/repository/org/opentest4j/opentest4j/1.2.0/opentest4j-1.2.0.jar:/Users/victoria/.m2/repository/org/junit/platform/junit-platform-commons/1.9.0/junit-platform-commons-1.9.0.jar:/Users/victoria/.m2/repository/org/apiguardian/apiguardian-api/1.1.2/apiguardian-api-1.1.2.jar:/Users/victoria/.m2/repository/org/junit/jupiter/junit-jupiter-params/5.8.2/junit-jupiter-params-5.8.2.jar:/Users/victoria/.m2/repository/org/mockito/mockito-junit-jupiter/4.6.1/mockito-junit-jupiter-4.6.1.jar:/Users/victoria/.m2/repository/org/mockito/mockito-core/4.6.1/mockito-core-4.6.1.jar:/Users/victoria/.m2/repository/net/bytebuddy/byte-buddy/1.12.10/byte-buddy-1.12.10.jar:/Users/victoria/.m2/repository/net/bytebuddy/byte-buddy-agent/1.12.10/byte-buddy-agent-1.12.10.jar:/Users/victoria/.m2/repository/org/objenesis/objenesis/3.2/objenesis-3.2.jar:/Users/victoria/.m2/repository/org/mockito/mockito-inline/3.11.2/mockito-inline-3.11.2.jar:/Users/victoria/.m2/repository/org/apache/maven/surefire/surefire-junit-platform/3.0.0-M5/surefire-junit-platform-3.0.0-M5.jar:/Users/victoria/.m2/repository/org/apache/maven/surefire/common-java5/3.0.0-M5/common-java5-3.0.0-M5.jar:/Users/victoria/.m2/repository/org/junit/platform/junit-platform-launcher/1.9.0/junit-platform-launcher-1.9.0.jar:/Users/victoria/.m2/repository/org/junit/platform/junit-platform-engine/1.9.0/junit-platform-engine-1.9.0.jar:/Users/victoria/.m2/repository/org/junit/jupiter/junit-jupiter-engine/5.9.0/junit-jupiter-engine-5.9.0.jar"/>
    <property name="user.script" value="Hans"/>
    <property name="sun.management.compiler" value="HotSpot 64-Bit Tiered Compilers"/>
    <property name="ftp.nonProxyHosts" value="local|*.local|169.254/16|*.169.254/16"/>
    <property name="java.runtime.version" value="15.0.2+7-27"/>
    <property name="user.name" value="victoria"/>
    <property name="path.separator" value=":"/>
    <property name="os.version" value="10.16"/>
    <property name="java.runtime.name" value="Java(TM) SE Runtime Environment"/>
    <property name="file.encoding" value="UTF-8"/>
    <property name="java.vm.name" value="Java HotSpot(TM) 64-Bit Server VM"/>
    <property name="localRepository" value="/Users/victoria/.m2/repository"/>
    <property name="java.vendor.url.bug" value="https://bugreport.java.com/bugreport/"/>
    <property name="java.io.tmpdir" value="/var/folders/wf/s8wpw59s7_q5bfmz3bkgppd80000gp/T/"/>
    <property name="java.version" value="15.0.2"/>
    <property name="user.dir" value="/Users/victoria/Downloads/cd0384-java-application-deployment-projectstarter-master/starter/catpoint-parent/security"/>
    <property name="os.arch" value="x86_64"/>
    <property name="java.vm.specification.name" value="Java Virtual Machine Specification"/>
    <property name="java.library.path" value="/Users/victoria/Library/Java/Extensions:/Library/Java/Extensions:/Network/Library/Java/Extensions:/System/Library/Java/Extensions:/usr/lib/java:."/>
    <property name="java.vm.info" value="mixed mode"/>
    <property name="java.vendor" value="Oracle Corporation"/>
    <property name="java.vm.version" value="15.0.2+7-27"/>
    <property name="sun.io.unicode.encoding" value="UnicodeBig"/>
    <property name="socksNonProxyHosts" value="local|*.local|169.254/16|*.169.254/16"/>
    <property name="java.class.version" value="59.0"/>
  </properties>
  <testcase name="changeSensorActivationStatusTest_inactivatedSensors_with_pendingAlarm_thenReturn_NoAlarm" classname="com.udacity.catpoint.security.SecurityServiceTest" time="1.067"/>
  <testcase name="changeSensorActivationStatusTest_system_armed_thenReturn_inactivated_SensorStatus(ArmingStatus)[1]" classname="com.udacity.catpoint.security.SecurityServiceTest" time="0.031"/>
  <testcase name="changeSensorActivationStatusTest_system_armed_thenReturn_inactivated_SensorStatus(ArmingStatus)[2]" classname="com.udacity.catpoint.security.SecurityServiceTest" time="0.004"/>
  <testcase name="changeSensorActivationStatusTest_alarm_activated_sensorStatus_changed_thenReturn_Not_Affected_AlarmStatus" classname="com.udacity.catpoint.security.SecurityServiceTest" time="0.006"/>
  <testcase name="imageTest_cat_detected_while_system_Armed_thenReturn_Alarm" classname="com.udacity.catpoint.security.SecurityServiceTest" time="0.118"/>
  <testcase name="imageTest_cat_not_detected_and_sensor_inactive_thenReturn_NoAlarm" classname="com.udacity.catpoint.security.SecurityServiceTest" time="0.005"/>
  <testcase name="changeSensorActivationStatusTest_alarm_disarmed_thenReturn_NoAlarm" classname="com.udacity.catpoint.security.SecurityServiceTest" time="0.003"/>
  <testcase name="changeSensorActivationStatusTest_alarmArmed_and_sensorActivated_with_pendingStatus_thenReturn_Alarm(ArmingStatus)[1]" classname="com.udacity.catpoint.security.SecurityServiceTest" time="0.006"/>
  <testcase name="changeSensorActivationStatusTest_alarmArmed_and_sensorActivated_with_pendingStatus_thenReturn_Alarm(ArmingStatus)[2]" classname="com.udacity.catpoint.security.SecurityServiceTest" time="0.004"/>
  <testcase name="changeSensorActivationStatusTest_sensor_deactivated_while_inactive_thenReturn_noChanges_to_AlarmStatus" classname="com.udacity.catpoint.security.SecurityServiceTest" time="0.002"/>
  <testcase name="imageTest_system_armed_while_cat_detected_thenReturn_Alarm" classname="com.udacity.catpoint.security.SecurityServiceTest" time="0.005"/>
  <testcase name="changeSensorActivationStatusTest_alarmArmed_and_sensorActivated_thenReturn_PendingAlarmStatus(ArmingStatus)[1]" classname="com.udacity.catpoint.security.SecurityServiceTest" time="0.004"/>
  <testcase name="changeSensorActivationStatusTest_alarmArmed_and_sensorActivated_thenReturn_PendingAlarmStatus(ArmingStatus)[2]" classname="com.udacity.catpoint.security.SecurityServiceTest" time="0.004"/>
  <testcase name="changeSensorActivationStatusTest_sensorActivated_with_pendingAlarm_thenReturn_Alarm" classname="com.udacity.catpoint.security.SecurityServiceTest" time="0.004"/>
</testsuite>